<?xml version="1.0" encoding="UTF-8"?>
<!-- Generated by org.testng.reporters.JUnitReportReporter -->
<testsuite hostname="DESKTOP-D9IO8BK" failures="0" tests="1" name="package1.NewClassTest" time="0.011" errors="0" timestamp="2023-09-30T16:43:14 IST" skipped="0">
  <testcase classname="package1.NewClassTest" name="newClassTest" time="0.011"/>
  <system-out/>
</testsuite> <!-- package1.NewClassTest -->
