<?xml version="1.0" encoding="UTF-8"?>
<!-- Generated by org.testng.reporters.JUnitReportReporter -->
<testsuite hostname="DESKTOP-D9IO8BK" failures="0" tests="1" name="package1.DemoClassTest" time="0.020" errors="0" timestamp="2023-09-30T16:26:08 IST" skipped="0">
  <testcase classname="package1.DemoClassTest" name="demoClassTest" time="0.020"/>
  <system-out/>
</testsuite> <!-- package1.DemoClassTest -->
